<?xml version="1.0" encoding="UTF-8"?>
<testng-results skipped="0" failed="1" ignored="0" total="3" passed="2">
  <reporter-output>
  </reporter-output>
  <suite name="Element Tests" duration-ms="56979" started-at="2022-05-07T13:15:34 CDT" finished-at="2022-05-07T13:16:30 CDT">
    <groups>
    </groups>
    <test name="C:/Users/mario/Desktop/desk_23-10-2021/SeleniumCurso03-2022/claseDeRepasoSeleniumWebDriver" duration-ms="56979" started-at="2022-05-07T13:15:34 CDT" finished-at="2022-05-07T13:16:30 CDT">
      <class name="ElementTest">
        <test-method status="PASS" signature="beforeMethod()[pri:0, instance:ElementTest@47e2e487]" name="beforeMethod" is-config="true" duration-ms="6431" started-at="2022-05-07T13:15:34 CDT" finished-at="2022-05-07T13:15:40 CDT">
          <reporter-output>
          </reporter-output>
        </test-method> <!-- beforeMethod -->
        <test-method status="FAIL" signature="testFormElements()[pri:0, instance:ElementTest@47e2e487]" name="testFormElements" duration-ms="41202" started-at="2022-05-07T13:15:40 CDT" finished-at="2022-05-07T13:16:21 CDT">
          <exception class="org.openqa.selenium.ElementClickInterceptedException">
            <message>
              <![CDATA[element click intercepted: Element <span class="text">...</span> is not clickable at point (114, 157). Other element would receive the click: <div class="main-header">...</div>
  (Session info: chrome=101.0.4951.54)
Build info: version: '3.141.59', revision: 'e82be7d358', time: '2018-11-14T08:17:03'
System info: host: 'LAPTOP-A13CSC61', ip: '192.168.1.5', os.name: 'Windows 10', os.arch: 'amd64', os.version: '10.0', java.version: '1.8.0_161'
Driver info: org.openqa.selenium.chrome.ChromeDriver
Capabilities {acceptInsecureCerts: false, browserName: chrome, browserVersion: 101.0.4951.54, chrome: {chromedriverVersion: 101.0.4951.41 (93c720db8323..., userDataDir: C:\Users\mario\AppData\Loca...}, goog:chromeOptions: {debuggerAddress: localhost:63359}, javascriptEnabled: true, networkConnectionEnabled: false, pageLoadStrategy: normal, platform: WINDOWS, platformName: WINDOWS, proxy: Proxy(), setWindowRect: true, strictFileInteractability: false, timeouts: {implicit: 0, pageLoad: 300000, script: 30000}, unhandledPromptBehavior: dismiss and notify, webauthn:extension:credBlob: true, webauthn:extension:largeBlob: true, webauthn:virtualAuthenticators: true}
Session ID: e3988becdb3376c71d68eaedee2c00b6]]>
            </message>
            <full-stacktrace>
              <![CDATA[org.openqa.selenium.ElementClickInterceptedException: element click intercepted: Element <span class="text">...</span> is not clickable at point (114, 157). Other element would receive the click: <div class="main-header">...</div>
  (Session info: chrome=101.0.4951.54)
Build info: version: '3.141.59', revision: 'e82be7d358', time: '2018-11-14T08:17:03'
System info: host: 'LAPTOP-A13CSC61', ip: '192.168.1.5', os.name: 'Windows 10', os.arch: 'amd64', os.version: '10.0', java.version: '1.8.0_161'
Driver info: org.openqa.selenium.chrome.ChromeDriver
Capabilities {acceptInsecureCerts: false, browserName: chrome, browserVersion: 101.0.4951.54, chrome: {chromedriverVersion: 101.0.4951.41 (93c720db8323..., userDataDir: C:\Users\mario\AppData\Loca...}, goog:chromeOptions: {debuggerAddress: localhost:63359}, javascriptEnabled: true, networkConnectionEnabled: false, pageLoadStrategy: normal, platform: WINDOWS, platformName: WINDOWS, proxy: Proxy(), setWindowRect: true, strictFileInteractability: false, timeouts: {implicit: 0, pageLoad: 300000, script: 30000}, unhandledPromptBehavior: dismiss and notify, webauthn:extension:credBlob: true, webauthn:extension:largeBlob: true, webauthn:virtualAuthenticators: true}
Session ID: e3988becdb3376c71d68eaedee2c00b6
at sun.reflect.NativeConstructorAccessorImpl.newInstance0(Native Method)
at sun.reflect.NativeConstructorAccessorImpl.newInstance(NativeConstructorAccessorImpl.java:62)
at sun.reflect.DelegatingConstructorAccessorImpl.newInstance(DelegatingConstructorAccessorImpl.java:45)
at java.lang.reflect.Constructor.newInstance(Constructor.java:423)
at org.openqa.selenium.remote.http.W3CHttpResponseCodec.createException(W3CHttpResponseCodec.java:187)
at org.openqa.selenium.remote.http.W3CHttpResponseCodec.decode(W3CHttpResponseCodec.java:122)
at org.openqa.selenium.remote.http.W3CHttpResponseCodec.decode(W3CHttpResponseCodec.java:49)
at org.openqa.selenium.remote.HttpCommandExecutor.execute(HttpCommandExecutor.java:158)
at org.openqa.selenium.remote.service.DriverCommandExecutor.execute(DriverCommandExecutor.java:83)
at org.openqa.selenium.remote.RemoteWebDriver.execute(RemoteWebDriver.java:552)
at org.openqa.selenium.remote.RemoteWebElement.execute(RemoteWebElement.java:285)
at org.openqa.selenium.remote.RemoteWebElement.click(RemoteWebElement.java:84)
at Steps.ElementSteps.clickTextBoxOpt(ElementSteps.java:28)
at ElementTest.testFormElements(ElementTest.java:18)
at sun.reflect.NativeMethodAccessorImpl.invoke0(Native Method)
at sun.reflect.NativeMethodAccessorImpl.invoke(NativeMethodAccessorImpl.java:62)
at sun.reflect.DelegatingMethodAccessorImpl.invoke(DelegatingMethodAccessorImpl.java:43)
at java.lang.reflect.Method.invoke(Method.java:498)
at org.testng.internal.invokers.MethodInvocationHelper.invokeMethod(MethodInvocationHelper.java:135)
at org.testng.internal.invokers.TestInvoker.invokeMethod(TestInvoker.java:673)
at org.testng.internal.invokers.TestInvoker.invokeTestMethod(TestInvoker.java:220)
at org.testng.internal.invokers.MethodRunner.runInSequence(MethodRunner.java:50)
at org.testng.internal.invokers.TestInvoker$MethodInvocationAgent.invoke(TestInvoker.java:945)
at org.testng.internal.invokers.TestInvoker.invokeTestMethods(TestInvoker.java:193)
at org.testng.internal.invokers.TestMethodWorker.invokeTestMethods(TestMethodWorker.java:146)
at org.testng.internal.invokers.TestMethodWorker.run(TestMethodWorker.java:128)
at java.util.ArrayList.forEach(ArrayList.java:1257)
at org.testng.TestRunner.privateRun(TestRunner.java:808)
at org.testng.TestRunner.run(TestRunner.java:603)
at org.testng.SuiteRunner.runTest(SuiteRunner.java:429)
at org.testng.SuiteRunner.runSequentially(SuiteRunner.java:423)
at org.testng.SuiteRunner.privateRun(SuiteRunner.java:383)
at org.testng.SuiteRunner.run(SuiteRunner.java:326)
at org.testng.SuiteRunnerWorker.runSuite(SuiteRunnerWorker.java:52)
at org.testng.SuiteRunnerWorker.run(SuiteRunnerWorker.java:95)
at org.testng.TestNG.runSuitesSequentially(TestNG.java:1249)
at org.testng.TestNG.runSuitesLocally(TestNG.java:1169)
at org.testng.TestNG.runSuites(TestNG.java:1092)
at org.testng.TestNG.run(TestNG.java:1060)
at com.intellij.rt.testng.IDEARemoteTestNG.run(IDEARemoteTestNG.java:66)
at com.intellij.rt.testng.RemoteTestNGStarter.main(RemoteTestNGStarter.java:110)
]]>
            </full-stacktrace>
          </exception> <!-- org.openqa.selenium.ElementClickInterceptedException -->
          <reporter-output>
          </reporter-output>
        </test-method> <!-- testFormElements -->
        <test-method status="PASS" signature="beforeMethod()[pri:0, instance:ElementTest@47e2e487]" name="beforeMethod" is-config="true" duration-ms="2242" started-at="2022-05-07T13:16:21 CDT" finished-at="2022-05-07T13:16:23 CDT">
          <reporter-output>
          </reporter-output>
        </test-method> <!-- beforeMethod -->
        <test-method status="PASS" signature="testFormSubmitInvalidEmail()[pri:0, instance:ElementTest@47e2e487]" name="testFormSubmitInvalidEmail" duration-ms="2617" started-at="2022-05-07T13:16:23 CDT" finished-at="2022-05-07T13:16:26 CDT">
          <reporter-output>
          </reporter-output>
        </test-method> <!-- testFormSubmitInvalidEmail -->
        <test-method status="PASS" signature="beforeMethod()[pri:0, instance:ElementTest@47e2e487]" name="beforeMethod" is-config="true" duration-ms="950" started-at="2022-05-07T13:16:26 CDT" finished-at="2022-05-07T13:16:27 CDT">
          <reporter-output>
          </reporter-output>
        </test-method> <!-- beforeMethod -->
        <test-method status="PASS" signature="testFormSubmitValidEmail()[pri:0, instance:ElementTest@47e2e487]" name="testFormSubmitValidEmail" duration-ms="2502" started-at="2022-05-07T13:16:27 CDT" finished-at="2022-05-07T13:16:30 CDT">
          <reporter-output>
          </reporter-output>
        </test-method> <!-- testFormSubmitValidEmail -->
        <test-method status="PASS" signature="afterMethod()[pri:0, instance:ElementTest@47e2e487]" name="afterMethod" is-config="true" duration-ms="941" started-at="2022-05-07T13:16:30 CDT" finished-at="2022-05-07T13:16:30 CDT">
          <reporter-output>
          </reporter-output>
        </test-method> <!-- afterMethod -->
      </class> <!-- ElementTest -->
    </test> <!-- C:/Users/mario/Desktop/desk_23-10-2021/SeleniumCurso03-2022/claseDeRepasoSeleniumWebDriver -->
  </suite> <!-- Element Tests -->
</testng-results>
